{"F:\\Microverse\\Pair Programming\\Webpack-Project\\src\\TestDocs\\checkData.js": {"path":"F:\\Microverse\\Pair Programming\\Webpack-Project\\src\\TestDocs\\checkData.js","statementMap":{"0":{"start":{"line":3,"column":21},"end":{"line":11,"column":1}},"1":{"start":{"line":4,"column":15},"end":{"line":4,"column":27}},"2":{"start":{"line":5,"column":2},"end":{"line":9,"column":5}},"3":{"start":{"line":6,"column":4},"end":{"line":8,"column":5}},"4":{"start":{"line":7,"column":6},"end":{"line":7,"column":33}},"5":{"start":{"line":10,"column":2},"end":{"line":10,"column":54}}},"fnMap":{"0":{"name":"(anonymous_0)","decl":{"start":{"line":3,"column":21},"end":{"line":3,"column":22}},"loc":{"start":{"line":3,"column":49},"end":{"line":11,"column":1}},"line":3},"1":{"name":"(anonymous_1)","decl":{"start":{"line":5,"column":15},"end":{"line":5,"column":16}},"loc":{"start":{"line":5,"column":25},"end":{"line":9,"column":3}},"line":5}},"branchMap":{"0":{"loc":{"start":{"line":6,"column":4},"end":{"line":8,"column":5}},"type":"if","locations":[{"start":{"line":6,"column":4},"end":{"line":8,"column":5}},{"start":{},"end":{}}],"line":6}},"s":{"0":1,"1":1,"2":1,"3":1,"4":1,"5":1},"f":{"0":1,"1":1},"b":{"0":[1,0]},"_coverageSchema":"1a1c01bbd47fc00a2c39e90264f33305004495a9","hash":"a0d11cf3ade9bf98deab198d752da059068248a0"}
,"F:\\Microverse\\Pair Programming\\Webpack-Project\\src\\modules\\DeleteCompleted.js": {"path":"F:\\Microverse\\Pair Programming\\Webpack-Project\\src\\modules\\DeleteCompleted.js","statementMap":{"0":{"start":{"line":4,"column":15},"end":{"line":4,"column":27}},"1":{"start":{"line":5,"column":20},"end":{"line":5,"column":65}},"2":{"start":{"line":5,"column":41},"end":{"line":5,"column":64}},"3":{"start":{"line":6,"column":2},"end":{"line":8,"column":5}},"4":{"start":{"line":7,"column":4},"end":{"line":7,"column":27}},"5":{"start":{"line":9,"column":2},"end":{"line":9,"column":59}}},"fnMap":{"0":{"name":"clearChecked","decl":{"start":{"line":3,"column":9},"end":{"line":3,"column":21}},"loc":{"start":{"line":3,"column":24},"end":{"line":10,"column":1}},"line":3},"1":{"name":"(anonymous_1)","decl":{"start":{"line":5,"column":32},"end":{"line":5,"column":33}},"loc":{"start":{"line":5,"column":41},"end":{"line":5,"column":64}},"line":5},"2":{"name":"(anonymous_2)","decl":{"start":{"line":6,"column":20},"end":{"line":6,"column":21}},"loc":{"start":{"line":6,"column":37},"end":{"line":8,"column":3}},"line":6}},"branchMap":{},"s":{"0":1,"1":1,"2":1,"3":1,"4":0,"5":1},"f":{"0":1,"1":1,"2":0},"b":{},"_coverageSchema":"1a1c01bbd47fc00a2c39e90264f33305004495a9","hash":"d4869ccfeb99ce102a32ee39068a275539a8e986"}
,"F:\\Microverse\\Pair Programming\\Webpack-Project\\src\\modules\\DeleteTask.js": {"path":"F:\\Microverse\\Pair Programming\\Webpack-Project\\src\\modules\\DeleteTask.js","statementMap":{"0":{"start":{"line":3,"column":19},"end":{"line":10,"column":1}},"1":{"start":{"line":4,"column":15},"end":{"line":4,"column":27}},"2":{"start":{"line":5,"column":21},"end":{"line":5,"column":64}},"3":{"start":{"line":5,"column":42},"end":{"line":5,"column":63}},"4":{"start":{"line":6,"column":2},"end":{"line":8,"column":5}},"5":{"start":{"line":7,"column":4},"end":{"line":7,"column":27}},"6":{"start":{"line":9,"column":2},"end":{"line":9,"column":60}}},"fnMap":{"0":{"name":"(anonymous_0)","decl":{"start":{"line":3,"column":19},"end":{"line":3,"column":20}},"loc":{"start":{"line":3,"column":26},"end":{"line":10,"column":1}},"line":3},"1":{"name":"(anonymous_1)","decl":{"start":{"line":5,"column":33},"end":{"line":5,"column":34}},"loc":{"start":{"line":5,"column":42},"end":{"line":5,"column":63}},"line":5},"2":{"name":"(anonymous_2)","decl":{"start":{"line":6,"column":21},"end":{"line":6,"column":22}},"loc":{"start":{"line":6,"column":38},"end":{"line":8,"column":3}},"line":6}},"branchMap":{},"s":{"0":1,"1":1,"2":1,"3":0,"4":1,"5":0,"6":1},"f":{"0":1,"1":0,"2":0},"b":{},"_coverageSchema":"1a1c01bbd47fc00a2c39e90264f33305004495a9","hash":"3084ae8764ac43efa96cd5f3127c5d028d64f9c0"}
,"F:\\Microverse\\Pair Programming\\Webpack-Project\\src\\modules\\DisplayTask.js": {"path":"F:\\Microverse\\Pair Programming\\Webpack-Project\\src\\modules\\DisplayTask.js","statementMap":{"0":{"start":{"line":5,"column":17},"end":{"line":13,"column":1}},"1":{"start":{"line":6,"column":15},"end":{"line":6,"column":27}},"2":{"start":{"line":8,"column":2},"end":{"line":12,"column":3}},"3":{"start":{"line":9,"column":20},"end":{"line":9,"column":58}},"4":{"start":{"line":11,"column":4},"end":{"line":11,"column":22}}},"fnMap":{"0":{"name":"(anonymous_0)","decl":{"start":{"line":5,"column":17},"end":{"line":5,"column":18}},"loc":{"start":{"line":5,"column":26},"end":{"line":13,"column":1}},"line":5}},"branchMap":{"0":{"loc":{"start":{"line":8,"column":2},"end":{"line":12,"column":3}},"type":"if","locations":[{"start":{"line":8,"column":2},"end":{"line":12,"column":3}},{"start":{},"end":{}}],"line":8}},"s":{"0":1,"1":1,"2":1,"3":1,"4":1},"f":{"0":1},"b":{"0":[1,0]},"_coverageSchema":"1a1c01bbd47fc00a2c39e90264f33305004495a9","hash":"5f1dfcc7ac518564f6467ee7ba0cd320d839582b"}
,"F:\\Microverse\\Pair Programming\\Webpack-Project\\src\\modules\\FetchFromLs.js": {"path":"F:\\Microverse\\Pair Programming\\Webpack-Project\\src\\modules\\FetchFromLs.js","statementMap":{"0":{"start":{"line":1,"column":19},"end":{"line":4,"column":1}},"1":{"start":{"line":2,"column":17},"end":{"line":2,"column":64}},"2":{"start":{"line":3,"column":2},"end":{"line":3,"column":16}}},"fnMap":{"0":{"name":"(anonymous_0)","decl":{"start":{"line":1,"column":19},"end":{"line":1,"column":20}},"loc":{"start":{"line":1,"column":25},"end":{"line":4,"column":1}},"line":1}},"branchMap":{"0":{"loc":{"start":{"line":2,"column":17},"end":{"line":2,"column":64}},"type":"binary-expr","locations":[{"start":{"line":2,"column":17},"end":{"line":2,"column":58}},{"start":{"line":2,"column":62},"end":{"line":2,"column":64}}],"line":2}},"s":{"0":1,"1":10,"2":10},"f":{"0":10},"b":{"0":[10,2]},"_coverageSchema":"1a1c01bbd47fc00a2c39e90264f33305004495a9","hash":"c2c0f4dbab070db6cf3209bca3c864199777c998"}
,"F:\\Microverse\\Pair Programming\\Webpack-Project\\src\\modules\\editTask.js": {"path":"F:\\Microverse\\Pair Programming\\Webpack-Project\\src\\modules\\editTask.js","statementMap":{"0":{"start":{"line":3,"column":18},"end":{"line":3,"column":22}},"1":{"start":{"line":6,"column":2},"end":{"line":6,"column":24}},"2":{"start":{"line":10,"column":15},"end":{"line":10,"column":27}},"3":{"start":{"line":11,"column":14},"end":{"line":11,"column":21}},"4":{"start":{"line":13,"column":2},"end":{"line":20,"column":3}},"5":{"start":{"line":14,"column":4},"end":{"line":18,"column":7}},"6":{"start":{"line":15,"column":6},"end":{"line":17,"column":7}},"7":{"start":{"line":16,"column":8},"end":{"line":16,"column":31}},"8":{"start":{"line":19,"column":4},"end":{"line":19,"column":56}}},"fnMap":{"0":{"name":"currVal","decl":{"start":{"line":5,"column":9},"end":{"line":5,"column":16}},"loc":{"start":{"line":5,"column":20},"end":{"line":7,"column":1}},"line":5},"1":{"name":"editTask","decl":{"start":{"line":9,"column":9},"end":{"line":9,"column":17}},"loc":{"start":{"line":9,"column":21},"end":{"line":21,"column":1}},"line":9},"2":{"name":"(anonymous_2)","decl":{"start":{"line":14,"column":17},"end":{"line":14,"column":18}},"loc":{"start":{"line":14,"column":27},"end":{"line":18,"column":5}},"line":14}},"branchMap":{"0":{"loc":{"start":{"line":13,"column":2},"end":{"line":20,"column":3}},"type":"if","locations":[{"start":{"line":13,"column":2},"end":{"line":20,"column":3}},{"start":{},"end":{}}],"line":13},"1":{"loc":{"start":{"line":15,"column":6},"end":{"line":17,"column":7}},"type":"if","locations":[{"start":{"line":15,"column":6},"end":{"line":17,"column":7}},{"start":{},"end":{}}],"line":15}},"s":{"0":1,"1":1,"2":1,"3":1,"4":1,"5":1,"6":1,"7":0,"8":1},"f":{"0":1,"1":1,"2":1},"b":{"0":[1,0],"1":[0,1]},"_coverageSchema":"1a1c01bbd47fc00a2c39e90264f33305004495a9","hash":"e3b9796d207948f44fe328149b66f15a7d356be5"}
}
